<?xml version="1.0" encoding="UTF-8"?>
<!-- Generated by org.testng.reporters.JUnitReportReporter -->
<testsuite hostname="BLRL013" name="Scenario_Component.FC_001_companyProfile" tests="1" failures="0" timestamp="29 Dec 2017 12:51:27 GMT" time="0.784" errors="0">
  <testcase name="Onload_Load_Check" time="0.784" classname="Scenario_Component.FC_001_companyProfile"/>
</testsuite> <!-- Scenario_Component.FC_001_companyProfile -->
