<?xml version="1.0" encoding="UTF-8"?>
<!-- Generated by org.testng.reporters.JUnitReportReporter -->
<testsuite hostname="BLRL013" name="Scenario_Component.tc_1" tests="1" failures="0" timestamp="17 Dec 2017 15:37:44 GMT" time="36.731" errors="0">
  <testcase name="test_case1" time="36.731" classname="Scenario_Component.tc_1"/>
</testsuite> <!-- Scenario_Component.tc_1 -->
