<?xml version="1.0" encoding="UTF-8"?>
<!-- Generated by org.testng.reporters.JUnitReportReporter -->
<testsuite hostname="BLRL013" name="Scenario_Component.FC_companyProfile_001" tests="2" failures="0" timestamp="19 Dec 2017 14:22:41 GMT" time="0.710" errors="0">
  <testcase name="test_case1" time="0.706" classname="Scenario_Component.FC_companyProfile_001"/>
  <testcase name="test_case2" time="0.004" classname="Scenario_Component.FC_companyProfile_001"/>
</testsuite> <!-- Scenario_Component.FC_companyProfile_001 -->
